0 info it worked if it ends with ok
1 verbose cli [ 'C:\\Program Files\\nodejs\\node.exe',
1 verbose cli   'C:\\Users\\Olivier\\AppData\\Roaming\\npm\\node_modules\\npm\\bin\\npm-cli.js',
1 verbose cli   'run',
1 verbose cli   'test:unit',
1 verbose cli   '--no-cache' ]
2 info using npm@6.1.0
3 info using node@v10.0.0
4 verbose run-script [ 'pretest:unit', 'test:unit', 'posttest:unit' ]
5 info lifecycle multiselect@0.1.0~pretest:unit: multiselect@0.1.0
6 info lifecycle multiselect@0.1.0~test:unit: multiselect@0.1.0
7 verbose lifecycle multiselect@0.1.0~test:unit: unsafe-perm in lifecycle true
8 verbose lifecycle multiselect@0.1.0~test:unit: PATH: C:\Users\Olivier\AppData\Roaming\npm\node_modules\npm\node_modules\npm-lifecycle\node-gyp-bin;C:\www\s4m-vue-test\node_modules\.bin;C:\cmdr\bin;C:\cmdr\vendor\conemu-maximus5\ConEmu\Scripts;C:\cmdr\vendor\conemu-maximus5;C:\cmdr\vendor\conemu-maximus5\ConEmu;C:\Program Files\Docker\Docker\Resources\bin;C:\Windows\system32;C:\Windows;C:\Windows\System32\Wbem;C:\Windows\System32\WindowsPowerShell\v1.0\;C:\Program Files (x86)\NVIDIA Corporation\PhysX\Common;C:\Program Files\nodejs\;C:\WINDOWS\system32;C:\WINDOWS;C:\WINDOWS\System32\Wbem;C:\WINDOWS\System32\WindowsPowerShell\v1.0\;C:\WINDOWS\System32\OpenSSH\;C:\Program Files\Git\cmd;C:\Bitnami\nginxstack-1.14.0-0\php;C:\ProgramData\ComposerSetup\bin;C:\Users\Olivier\AppData\Local\Microsoft\WindowsApps;C:\Users\Olivier\AppData\Roaming\npm;C:\Users\Olivier\AppData\Roaming\Composer\vendor\bin;C:\Program Files\Git\usr\bin;C:\Program Files\Git\usr\share\vim\vim74;C:\cmdr\
9 verbose lifecycle multiselect@0.1.0~test:unit: CWD: C:\www\s4m-vue-test
10 silly lifecycle multiselect@0.1.0~test:unit: Args: [ '/d /s /c', 'vue-cli-service test:unit' ]
11 silly lifecycle multiselect@0.1.0~test:unit: Returned: code: 1  signal: null
12 info lifecycle multiselect@0.1.0~test:unit: Failed to exec test:unit script
13 verbose stack Error: multiselect@0.1.0 test:unit: `vue-cli-service test:unit`
13 verbose stack Exit status 1
13 verbose stack     at EventEmitter.<anonymous> (C:\Users\Olivier\AppData\Roaming\npm\node_modules\npm\node_modules\npm-lifecycle\index.js:304:16)
13 verbose stack     at EventEmitter.emit (events.js:182:13)
13 verbose stack     at ChildProcess.<anonymous> (C:\Users\Olivier\AppData\Roaming\npm\node_modules\npm\node_modules\npm-lifecycle\lib\spawn.js:55:14)
13 verbose stack     at ChildProcess.emit (events.js:182:13)
13 verbose stack     at maybeClose (internal/child_process.js:947:16)
13 verbose stack     at Process.ChildProcess._handle.onexit (internal/child_process.js:236:5)
14 verbose pkgid multiselect@0.1.0
15 verbose cwd C:\www\s4m-vue-test
16 verbose Windows_NT 10.0.17134
17 verbose argv "C:\\Program Files\\nodejs\\node.exe" "C:\\Users\\Olivier\\AppData\\Roaming\\npm\\node_modules\\npm\\bin\\npm-cli.js" "run" "test:unit" "--no-cache"
18 verbose node v10.0.0
19 verbose npm  v6.1.0
20 error code ELIFECYCLE
21 error errno 1
22 error multiselect@0.1.0 test:unit: `vue-cli-service test:unit`
22 error Exit status 1
23 error Failed at the multiselect@0.1.0 test:unit script.
23 error This is probably not a problem with npm. There is likely additional logging output above.
24 verbose exit [ 1, true ]
